# JRE version: OpenJDK Runtime Environment (17.0.6) (build 17.0.6+0-b2043.56-10027231)
# Java VM: OpenJDK 64-Bit Server VM (17.0.6+0-b2043.56-10027231, mixed mode, tiered, compressed oops, compressed class ptrs, g1 gc, windows-amd64)
GC Precious Log:
 CPUs: 2 total, 2 available
 Memory: 2036M
 Large Page Support: Disabled
 NUMA Support: Disabled
 Compressed Oops: Enabled (32-bit)
 Heap Region Size: 1M
 Heap Min Capacity: 8M
 Heap Initial Capacity: 32M
 Heap Max Capacity: 2G
 Pre-touch: Disabled
 Parallel Workers: 2
 Concurrent Workers: 1
 Concurrent Refinement Workers: 2
 Periodic GC: Disabled
Heap:
 garbage-first heap   total 340992K, used 97567K [0x0000000080000000, 0x0000000100000000)
  region size 1024K, 1 young (1024K), 1 survivors (1024K)
 Metaspace       used 56547K, committed 57088K, reserved 1105920K
  class space    used 7318K, committed 7552K, reserved 1048576K
GC Heap History (20 events):
Event: 598.414 GC heap after
{Heap after GC invocations=122 (full 0):
 garbage-first heap   total 283648K, used 90366K [0x0000000080000000, 0x0000000100000000)
  region size 1024K, 8 young (8192K), 8 survivors (8192K)
 Metaspace       used 56524K, committed 57024K, reserved 1105920K
  class space    used 7318K, committed 7552K, reserved 1048576K
}
Event: 603.300 GC heap before
{Heap before GC invocations=122 (full 0):
 garbage-first heap   total 283648K, used 246014K [0x0000000080000000, 0x0000000100000000)
  region size 1024K, 160 young (163840K), 8 survivors (8192K)
 Metaspace       used 56527K, committed 57024K, reserved 1105920K
  class space    used 7318K, committed 7552K, reserved 1048576K
}
Event: 603.339 GC heap after
{Heap after GC invocations=123 (full 0):
 garbage-first heap   total 283648K, used 91390K [0x0000000080000000, 0x0000000100000000)
  region size 1024K, 9 young (9216K), 9 survivors (9216K)
 Metaspace       used 56527K, committed 57024K, reserved 1105920K
  class space    used 7318K, committed 7552K, reserved 1048576K
}
Event: 607.250 GC heap before
{Heap before GC invocations=123 (full 0):
 garbage-first heap   total 283648K, used 244990K [0x0000000080000000, 0x0000000100000000)
  region size 1024K, 159 young (162816K), 9 survivors (9216K)
 Metaspace       used 56528K, committed 57024K, reserved 1105920K
  class space    used 7318K, committed 7552K, reserved 1048576K
}
Event: 607.311 GC heap after
{Heap after GC invocations=124 (full 0):
 garbage-first heap   total 283648K, used 91902K [0x0000000080000000, 0x0000000100000000)
  region size 1024K, 10 young (10240K), 10 survivors (10240K)
 Metaspace       used 56528K, committed 57024K, reserved 1105920K
  class space    used 7318K, committed 7552K, reserved 1048576K
}
Event: 610.208 GC heap before
{Heap before GC invocations=124 (full 0):
 garbage-first heap   total 283648K, used 243454K [0x0000000080000000, 0x0000000100000000)
  region size 1024K, 158 young (161792K), 10 survivors (10240K)
 Metaspace       used 56532K, committed 57024K, reserved 1105920K
  class space    used 7318K, committed 7552K, reserved 1048576K
}
Event: 610.251 GC heap after
{Heap after GC invocations=125 (full 0):
 garbage-first heap   total 283648K, used 92926K [0x0000000080000000, 0x0000000100000000)
  region size 1024K, 11 young (11264K), 11 survivors (11264K)
 Metaspace       used 56532K, committed 57024K, reserved 1105920K
  class space    used 7318K, committed 7552K, reserved 1048576K
}
Event: 613.143 GC heap before
{Heap before GC invocations=125 (full 0):
 garbage-first heap   total 283648K, used 242430K [0x0000000080000000, 0x0000000100000000)
  region size 1024K, 157 young (160768K), 11 survivors (11264K)
 Metaspace       used 56540K, committed 57088K, reserved 1105920K
  class space    used 7318K, committed 7552K, reserved 1048576K
}
Event: 613.236 GC heap after
{Heap after GC invocations=126 (full 0):
 garbage-first heap   total 283648K, used 93438K [0x0000000080000000, 0x0000000100000000)
  region size 1024K, 11 young (11264K), 11 survivors (11264K)
 Metaspace       used 56540K, committed 57088K, reserved 1105920K
  class space    used 7318K, committed 7552K, reserved 1048576K
}
Event: 616.526 GC heap before
{Heap before GC invocations=126 (full 0):
 garbage-first heap   total 283648K, used 242942K [0x0000000080000000, 0x0000000100000000)
  region size 1024K, 157 young (160768K), 11 survivors (11264K)
 Metaspace       used 56542K, committed 57088K, reserved 1105920K
  class space    used 7318K, committed 7552K, reserved 1048576K
}
Event: 616.620 GC heap after
{Heap after GC invocations=127 (full 0):
 garbage-first heap   total 340992K, used 94079K [0x0000000080000000, 0x0000000100000000)
  region size 1024K, 11 young (11264K), 11 survivors (11264K)
 Metaspace       used 56542K, committed 57088K, reserved 1105920K
  class space    used 7318K, committed 7552K, reserved 1048576K
}
Event: 622.755 GC heap before
{Heap before GC invocations=127 (full 0):
 garbage-first heap   total 340992K, used 286591K [0x0000000080000000, 0x0000000100000000)
  region size 1024K, 199 young (203776K), 11 survivors (11264K)
 Metaspace       used 56542K, committed 57088K, reserved 1105920K
  class space    used 7318K, committed 7552K, reserved 1048576K
}
Event: 622.807 GC heap after
{Heap after GC invocations=128 (full 0):
 garbage-first heap   total 340992K, used 95615K [0x0000000080000000, 0x0000000100000000)
  region size 1024K, 13 young (13312K), 13 survivors (13312K)
 Metaspace       used 56542K, committed 57088K, reserved 1105920K
  class space    used 7318K, committed 7552K, reserved 1048576K
}
Event: 629.532 GC heap before
{Heap before GC invocations=128 (full 0):
 garbage-first heap   total 340992K, used 286079K [0x0000000080000000, 0x0000000100000000)
  region size 1024K, 199 young (203776K), 13 survivors (13312K)
 Metaspace       used 56542K, committed 57088K, reserved 1105920K
  class space    used 7318K, committed 7552K, reserved 1048576K
}
Event: 629.820 GC heap after
{Heap after GC invocations=129 (full 0):
 garbage-first heap   total 340992K, used 96937K [0x0000000080000000, 0x0000000100000000)
  region size 1024K, 13 young (13312K), 13 survivors (13312K)
 Metaspace       used 56542K, committed 57088K, reserved 1105920K
  class space    used 7318K, committed 7552K, reserved 1048576K
}
Event: 635.594 GC heap before
{Heap before GC invocations=129 (full 0):
 garbage-first heap   total 340992K, used 177833K [0x0000000080000000, 0x0000000100000000)
  region size 1024K, 92 young (94208K), 13 survivors (13312K)
 Metaspace       used 56547K, committed 57088K, reserved 1105920K
  class space    used 7318K, committed 7552K, reserved 1048576K
}
Event: 638.467 GC heap after
{Heap after GC invocations=130 (full 0):
 garbage-first heap   total 340992K, used 97239K [0x0000000080000000, 0x0000000100000000)
  region size 1024K, 7 young (7168K), 7 survivors (7168K)
 Metaspace       used 56547K, committed 57088K, reserved 1105920K
  class space    used 7318K, committed 7552K, reserved 1048576K
}
Event: 638.781 GC heap before
{Heap before GC invocations=130 (full 0):
 garbage-first heap   total 340992K, used 106455K [0x0000000080000000, 0x0000000100000000)
  region size 1024K, 16 young (16384K), 7 survivors (7168K)
 Metaspace       used 56547K, committed 57088K, reserved 1105920K
  class space    used 7318K, committed 7552K, reserved 1048576K
}
Event: 640.450 GC heap after
{Heap after GC invocations=131 (full 0):
 garbage-first heap   total 340992K, used 98146K [0x0000000080000000, 0x0000000100000000)
  region size 1024K, 2 young (2048K), 2 survivors (2048K)
 Metaspace       used 56547K, committed 57088K, reserved 1105920K
  class space    used 7318K, committed 7552K, reserved 1048576K
}
Event: 640.606 GC heap before
{Heap before GC invocations=131 (full 0):
 garbage-first heap   total 340992K, used 112482K [0x0000000080000000, 0x0000000100000000)
  region size 1024K, 16 young (16384K), 2 survivors (2048K)
 Metaspace       used 56547K, committed 57088K, reserved 1105920K
  class space    used 7318K, committed 7552K, reserved 1048576K
}

